<?xml version="1.0" encoding="UTF-8" ?>
<testsuite tests="17" failures="0" name="com.training.epam.ticketservice.at.TestExecutor" time="150.001" errors="0" skipped="0">
  <properties>
[...]
</properties>
  <testcase classname="allow creating accounts and logging in" name="the admin account exists by default and can be logged in with the correct password" time="8.519"/>
  <testcase classname="allow creating accounts and logging in" name="the admin account can be signed out" time="8.75"/>
  <testcase classname="allow creating accounts and logging in" name="the admin account can not be logged in with incorrect password" time="8.443"/>
  <testcase classname="allows creating movie descriptions" name="an admin user can create and list movies" time="8.235"/>
  <testcase classname="allows creating movie descriptions" name="an admin user can update a movie" time="7.971"/>
  <testcase classname="allows creating movie descriptions" name="an admin user can delete a movie" time="7.785"/>
  <testcase classname="allows creating movie descriptions" name="an unauthenticated user can list movies" time="7.21"/>
  <testcase classname="allow creating, reading, updating and deleting rooms where the screenings will happen" name="an admin user can create and list rooms" time="7.696"/>
  <testcase classname="allow creating, reading, updating and deleting rooms where the screenings will happen" name="an admin user can update a room" time="9.013"/>
  <testcase classname="allow creating, reading, updating and deleting rooms where the screenings will happen" name="an admin user can delete a room" time="8.39"/>
  <testcase classname="allow creating, reading, updating and deleting rooms where the screenings will happen" name="an unauthenticated user can list rooms" time="7.014"/>
  <testcase classname="allows creating, deleting and listing screenings" name="The admin user can create and query screenings" time="10.73"/>
  <testcase classname="allows creating, deleting and listing screenings" name="The admin can not create overlapping screenings in the same room" time="9.195"/>
  <testcase classname="allows creating, deleting and listing screenings" name="The admin can create overlapping screenings in different rooms" time="10.529"/>
  <testcase classname="allows creating, deleting and listing screenings" name="The admin can not create screenings during a 10 minute long breaks after another screening in the same room" time="9.441"/>
  <testcase classname="allows creating, deleting and listing screenings" name="The admin can create screenings even if there is a break after a screening in a different room" time="9.602"/>
  <testcase classname="allows creating, deleting and listing screenings" name="The admin user can delete screenings" time="11.478"/>
</testsuite>